<?xml version="1.0" encoding="UTF-8"?>
<!-- Generated by org.testng.reporters.JUnitReportReporter -->
<testsuite hostname="RAHUL" failures="0" tests="1" name="testfile.Senario_1" time="57.240" errors="0" timestamp="2024-04-28T21:23:22 IST" skipped="0">
  <testcase classname="testfile.Senario_1" name="end_to_end" time="57.240"/>
  <system-out/>
</testsuite> <!-- testfile.Senario_1 -->
